<?xml version="1.0" encoding="UTF-8"?>
<testng-results skipped="0" failed="0" ignored="0" total="1" passed="1">
  <reporter-output>
  </reporter-output>
  <suite name="Suite" duration-ms="4746" started-at="2021-02-25T04:14:45Z" finished-at="2021-02-25T04:14:50Z">
    <groups>
    </groups>
    <test name="Test" duration-ms="4746" started-at="2021-02-25T04:14:45Z" finished-at="2021-02-25T04:14:50Z">
      <class name="test.Testcase1">
        <test-method status="PASS" signature="LaunchBrowser()[pri:0, instance:test.Testcase1@4c762604]" name="LaunchBrowser" is-config="true" duration-ms="1395" started-at="2021-02-25T04:14:45Z" finished-at="2021-02-25T04:14:47Z">
          <reporter-output>
          </reporter-output>
        </test-method> <!-- LaunchBrowser -->
        <test-method status="PASS" signature="LoginTest()[pri:0, instance:test.Testcase1@4c762604]" name="LoginTest" duration-ms="3261" started-at="2021-02-25T04:14:47Z" finished-at="2021-02-25T04:14:50Z">
          <reporter-output>
          </reporter-output>
        </test-method> <!-- LoginTest -->
        <test-method status="PASS" signature="CloseBrowser()[pri:0, instance:test.Testcase1@4c762604]" name="CloseBrowser" is-config="true" duration-ms="68" started-at="2021-02-25T04:14:50Z" finished-at="2021-02-25T04:14:50Z">
          <reporter-output>
          </reporter-output>
        </test-method> <!-- CloseBrowser -->
      </class> <!-- test.Testcase1 -->
    </test> <!-- Test -->
  </suite> <!-- Suite -->
</testng-results>
